#
# A fatal error has been detected by the Java Runtime Environment:
#
#  Internal Error (classFileParser.cpp:3494), pid=5276, tid=5348
#  Error: ShouldNotReachHere()
#
# JRE version: 6.0_43-b01
# Java VM: Java HotSpot(TM) Client VM (20.14-b01 mixed mode windows-x86 )
# If you would like to submit a bug report, please visit:
#   http://java.sun.com/webapps/bugreport/crash.jsp
#

---------------  T H R E A D  ---------------

Current thread (0x01759000):  JavaThread "Unknown thread" [_thread_in_vm, id=5348, stack(0x00330000,0x00380000)]

Stack: [0x00330000,0x00380000],  sp=0x0037f86c,  free space=318k
Native frames: (J=compiled Java code, j=interpreted, Vv=VM code, C=native code)
V  [jvm.dll+0x13490a]
V  [jvm.dll+0x12f3fb]
V  [jvm.dll+0x1676e]
V  [jvm.dll+0x17faf]
V  [jvm.dll+0x27565]
V  [jvm.dll+0x27da6]
V  [jvm.dll+0x28155]
V  [jvm.dll+0x281e9]
V  [jvm.dll+0x282ac]
V  [jvm.dll+0x2832a]
V  [jvm.dll+0x2840d]
V  [jvm.dll+0x286d9]
V  [jvm.dll+0x6cdd3]
V  [jvm.dll+0x6d1ac]
V  [jvm.dll+0xfa79c]
V  [jvm.dll+0x1190eb]
V  [jvm.dll+0x9f4e0]
C  [javaw.exe+0x1657]
C  [javaw.exe+0x1e2c]
C  [javaw.exe+0x8624]
C  [kernel32.dll+0x4ed5c]  BaseThreadInitThunk+0x12
C  [ntdll.dll+0x637eb]  RtlInitializeExceptionChain+0xef
C  [ntdll.dll+0x637be]  RtlInitializeExceptionChain+0xc2


---------------  P R O C E S S  ---------------

Java Threads: ( => current thread )

Other Threads:

=>0x01759000 (exited) JavaThread "Unknown thread" [_thread_in_vm, id=5348, stack(0x00330000,0x00380000)]

VM state:not at safepoint (not fully initialized)

VM Mutex/Monitor currently owned by a thread: None

Dynamic libraries:
0x00400000 - 0x00425000 	D:\Program Files\Java\jdk1.6.0_43\bin\javaw.exe
0x76fd0000 - 0x7710c000 	C:\Windows\SYSTEM32\ntdll.dll
0x765f0000 - 0x766c4000 	C:\Windows\system32\kernel32.dll
0x752c0000 - 0x7530b000 	C:\Windows\system32\KERNELBASE.dll
0x754a0000 - 0x75540000 	C:\Windows\system32\ADVAPI32.dll
0x768e0000 - 0x7698c000 	C:\Windows\system32\msvcrt.dll
0x76470000 - 0x76489000 	C:\Windows\SYSTEM32\sechost.dll
0x753f0000 - 0x75492000 	C:\Windows\system32\RPCRT4.dll
0x76a70000 - 0x76b39000 	C:\Windows\system32\USER32.dll
0x77110000 - 0x7715e000 	C:\Windows\system32\GDI32.dll
0x76b40000 - 0x76b4a000 	C:\Windows\system32\LPK.dll
0x77160000 - 0x771fd000 	C:\Windows\system32\USP10.dll
0x768c0000 - 0x768df000 	C:\Windows\system32\IMM32.DLL
0x763a0000 - 0x7646c000 	C:\Windows\system32\MSCTF.dll
0x7c340000 - 0x7c396000 	D:\Program Files\Java\jdk1.6.0_43\jre\bin\msvcr71.dll
0x6d8c0000 - 0x6db70000 	D:\Program Files\Java\jdk1.6.0_43\jre\bin\client\jvm.dll
0x737b0000 - 0x737e2000 	C:\Windows\system32\WINMM.dll
0x74f10000 - 0x74f5c000 	C:\Windows\system32\apphelp.dll
0x6d870000 - 0x6d87c000 	D:\Program Files\Java\jdk1.6.0_43\jre\bin\verify.dll
0x6d3d0000 - 0x6d3ef000 	D:\Program Files\Java\jdk1.6.0_43\jre\bin\java.dll
0x6d8b0000 - 0x6d8bf000 	D:\Program Files\Java\jdk1.6.0_43\jre\bin\zip.dll
0x753b0000 - 0x753b5000 	C:\Windows\system32\PSAPI.DLL

VM Arguments:
jvm_args: -Dfile.encoding=UTF-8 -Xbootclasspath:D:\Software\sdk\platforms\android-7\android.jar 
java_command: com.tjpu.property.user.AddComlplain
Launcher Type: SUN_STANDARD

Environment Variables:
JAVA_HOME=D:\Program Files\Java\jdk1.6.0_43
CLASSPATH=.;D:\Program Files\Java\jdk1.6.0_43\lib\dt.jar;D:\Program Files\Java\jdk1.6.0_43\lib\tools.jar;
PATH=d:/Program Files/Java/jre6/bin/client;d:/Program Files/Java/jre6/bin;d:/Program Files/Java/jre6/lib/i386;C:\Windows\system32;C:\Windows;C:\Windows\System32\Wbem;C:\Windows\System32\WindowsPowerShell\v1.0\;C:\Program Files\ATI Technologies\ATI.ACE\Core-Static;D:\Program Files\Java\jdk1.6.0_43\bin;D:\Program Files\Java\jdk1.6.0_43\jre\bin;D:\Program Files\MySQL\MySQL Server 5.1\bin;D:\Program Files\TortoiseSVN\bin;D:\Program Files\TortoiseGit\bin;D:\Software\eclipse-jee-indigo-SR2-win32\eclipse;
USERNAME=lixin
OS=Windows_NT
PROCESSOR_IDENTIFIER=x86 Family 6 Model 37 Stepping 2, GenuineIntel



---------------  S Y S T E M  ---------------

OS: Windows 7 Build 7601 Service Pack 1

CPU:total 4 (2 cores per cpu, 2 threads per core) family 6 model 37 stepping 2, cmov, cx8, fxsr, mmx, sse, sse2, sse3, ssse3, sse4.1, sse4.2, popcnt, ht

Memory: 4k page, physical 3136348k(1341168k free), swap 5229644k(3039376k free)

vm_info: Java HotSpot(TM) Client VM (20.14-b01) for windows-x86 JRE (1.6.0_43-b01), built on Mar  1 2013 02:51:23 by "java_re" with MS VC++ 7.1 (VS2003)

time: Sun Feb 23 15:00:56 2014
elapsed time: 0 seconds

